<?xml version="1.0" encoding="UTF-8"?>
<testsuite name="models.TaskTest" tests="11" skipped="0" failures="0" errors="0" timestamp="2025-09-21T04:50:36" hostname="JT-Lenovo-U" time="0.316">
  <properties/>
  <testcase name="TaskInstantiatesWithDescription_true()" classname="models.TaskTest" time="0.196"/>
  <testcase name="tasksInstantiateWithId()" classname="models.TaskTest" time="0.003"/>
  <testcase name="updateChangesTaskContent()" classname="models.TaskTest" time="0.009"/>
  <testcase name="isCompletedPropertyIsFalseAfterInstantiation()" classname="models.TaskTest" time="0.005"/>
  <testcase name="NewTaskObjectGetsCorrectlyCreated_true()" classname="models.TaskTest" time="0.004"/>
  <testcase name="AllTasksAreCorrectlyReturned_true()" classname="models.TaskTest" time="0.002"/>
  <testcase name="findReturnsCorrectTask()" classname="models.TaskTest" time="0.008"/>
  <testcase name="getCreatedAtInstantiatesWithCurrentTimeToday()" classname="models.TaskTest" time="0.012"/>
  <testcase name="deleteDeletesASpecificTask()" classname="models.TaskTest" time="0.003"/>
  <testcase name="findReturnsCorrectTaskWhenMoreThanOneTaskExists()" classname="models.TaskTest" time="0.006"/>
  <testcase name="AllTasksContainsAllTasks_true()" classname="models.TaskTest" time="0.015"/>
  <system-out><![CDATA[]]></system-out>
  <system-err><![CDATA[]]></system-err>
</testsuite>
